

 Input date file   --> 260641524.inp 
 Output print file --> 260641524.prt 
 Output punch file --> 260641524.b01 
 Output resum file --> HYPO71PC.RES  
 Input milieu file -->               
 Ouput reloc  file -->               

1
                                         EVENT 51776                                    
 STANDARD 
   1   0.1000   2  10.0000   3   2.0000   4   0.0500   5   5.0000
   6   4.0000   7  -0.8700   8   2.0000   9   0.0035  10 100.0000
  11   8.0000  12   0.5000  13   1.0000  14   0.0000  15   0.0000
  16   0.0000  17   0.0000  18   0.0000  19   0.0000  20   1.0000
 RESET TO 
   1   0.1000   2   2.0000   3   2.0000   4   0.0500   5   3.0000
   6   4.0000   7  -2.4600   8   2.8200   9   0.0010  10 100.0000
  11   8.0000  12   0.5000  13   1.0000  14   0.0000  15   0.0000
  16   0.0000  17   0.0000  18   0.0000  19   0.0000  20   1.0000

    L     STN     LAT     LONG    ELV DELAY     FMGC  XMGC KL  PRR  CALR IC      DATE HRMN  dt
    1    CBAG 4048.69N  1410.48E  169  0.00     0.00   0.00 0 0.00   0.00 0          0   0  0.00
    2    CSFT 4049.74N  14 8.37E  108  0.06     0.00   0.00 0 0.00   0.00 0          0   0  0.00
    3    CNIS 4047.87N  14 9.88E    1  0.00     0.00   0.00 0 0.00   0.00 0          0   0  0.00
    4    CDOV 4049.18N  1410.97E   18  0.01     0.00   0.00 0 0.00   0.00 0          0   0  0.00
    5    CMTS 4049.88N  1411.83E   40  0.00     0.00   0.00 0 0.00   0.00 0          0   0  0.00
    6    CUMA 4050.88N  14 3.21E   53  0.00     0.00   0.00 0 0.00   0.00 0          0   0  0.00
    7    CPOZ 4049.27N  14 7.12E    3  0.00     0.00   0.00 0 0.00   0.00 0          0   0  0.00
    8    CFB3 4048.54N  14 8.65E  -38 -0.02     0.00   0.00 0 0.00   0.00 0          0   0  0.00
    9    CMIS 4046.69N  14 5.34E  133  0.01     0.00   0.00 0 0.00   0.00 0          0   0  0.00
   10    CSTH 4049.76N  14 8.95E   65  0.02     0.00   0.00 0 0.00   0.00 0          0   0  0.00
   11    CMSN 4050.32N  1411.02E   95  0.12     0.00   0.00 0 0.00   0.00 0          0   0  0.00
   12    COLB 4049.14N  14 8.68E    8  0.01     0.00   0.00 0 0.00   0.00 0          0   0  0.00
   13    CGAU 4051.14N  14 6.78E  101  0.00     0.00   0.00 0 0.00   0.00 0          0   0  0.00
   14    CFMN 4049.97N  14 5.42E   50  0.03     0.00   0.00 0 0.00   0.00 0          0   0  0.00
   15    CAWE 4050.41N  14 8.34E  222  0.14     0.00   0.00 0 0.00   0.00 0          0   0  0.00
   16    CPIS 4049.75N  14 8.82E   69  0.04     0.00   0.00 0 0.00   0.00 0          0   0  0.00
   17    CBAC 4048.66N  14 4.84E   33  0.02     0.00   0.00 0 0.00   0.00 0          0   0  0.00
   18    CSOB 4049.60N  14 8.63E  177  0.10     0.00   0.00 0 0.00   0.00 0          0   0  0.00
   19    CAAM 4049.20N  14 8.52E  100  0.08     0.00   0.00 0 0.00   0.00 0          0   0  0.00



       CRUSTAL MODEL 1
     VELOCITY     DEPTH
        1.700     0.000
        2.000     0.500
        3.000     1.000
        5.500     3.000
        5.700    10.000
        6.700    23.000
        8.200    37.000



 KS Z XNEAR XFAR  POS   IQ  KMS  KFM IPUN IMAG   IR IPRN CODE   LATR      LONR
 0  2.  10.  20. 1.78    1    1    0    1    1    0    100010   0  0.00   0  0.00



 ***** EXTRA BLANK CARD ENCOUNTERED *****





                                                             ADJUSTMENTS (KM)  PARTIAL F-VALUES  STANDARD ERRORS  ADJUSTMENTS TAKEN
  I  ORIG  LAT N    LONG E   DEPTH  DM  RMS AVRPS SKD   CF   DLAT  DLON    DZ  DLAT  DLON    DZ  DLAT  DLON    DZ  DLAT  DLON    DZ
  1  7.27 40-49.84  14-  8.47  2.00   0 0.20 -0.00 B0A  2.00  0.48  0.00  0.78  8.41  0.02 39.07  0.17  0.00  0.12  0.48  0.00  0.78
  2  7.07 40-50.10  14-  8.47  2.78   1 0.11  0.02 A3B  0.50  0.12  0.00  0.00  0.31 -1.00 -1.00  0.21  0.00  0.00  0.00  0.00  0.00
  2  7.09 40-50.10  14-  8.47  2.78   1 0.11 -0.00 A2B  2.00  0.16  0.13  0.03  0.50  0.60  0.16  0.23  0.16  0.07  0.00  0.00  0.00


  DATE    ORIGIN    LAT N    LONG E    DEPTH    MAG NO DM GAP M  RMS  ERH  ERZ Q SQD  ADJ IN NR  AVR  AAR NM AVXM SDXM NF AVFM SDFM I
 260228 1019  7.09 40-50.10  14- 8.47   2.78   3.45 25  1 101 1 0.11  0.3  0.1 B A|B 0.91 10 25-0.00 0.09  0  0.0  0.0  1  3.5  0.0 2

  STN  DIST AZM AIN PRMK HRMN P-SEC TPOBS TPCAL DLY/H1 P-RES P-WT AMX PRX CALX K XMAG RMK FMP FMAG SRMK S-SEC TSOBS S-RES  S-WT    DT
 CAWE   0.6 342 167  P 0 1019  8.45  1.36  1.29  0.14 -0.07  1.03   0  0  0.00 0                    S 0  9.38  2.29 -0.25   0.7            
 CSFT   0.7 192 164  P 0 1019  8.44  1.35  1.23  0.06  0.06  1.03   0  0  0.00 0                                                           
 CPIS   0.8 143 161  P 0 1019  8.52  1.43  1.22  0.04  0.17  0.93   0  0  0.00 0                    S 0  9.29  2.20 -0.04   1.0            
 CSTH   0.9 133 159  P 0 1019  8.50  1.41  1.23  0.02  0.16  0.96   0  0  0.00 0          125 3.5   S 0  9.36  2.27  0.04   1.0            
 CSOB   1.0 166 159  P 0 1019  8.53  1.44  1.30  0.10  0.04  1.04   0  0  0.00 0                    S 0  9.37  2.28 -0.21   0.9            
 CAAM   1.7 178 145  P 0 1019  8.50  1.41  1.37  0.08 -0.04  1.04   0  0  0.00 0                                                           
 COLB   1.8 171 142  P 0 1019  8.48  1.39  1.35  0.01  0.04  1.04   0  0  0.00 0                                                           
 CPOZ   2.4 231 132  P 0 1019  8.59  1.50  1.49  0.00  0.01  1.04   0  0  0.00 0                                                           
 CFB3   2.9 175 127  P 0 1019  8.80  1.71  1.59 -0.02  0.15  0.97   0  0  0.00 0                                                           
 CGAU   3.1 309 126  P 0 1019  8.90  1.81  1.70  0.00  0.11  1.01   0  0  0.00 0                                                           
 CMSN   3.6  84  33  P 0 1019  8.96  1.87  1.84  0.12 -0.09  1.03   0  0  0.00 0                                                           
 CBAG   3.8 133  33  P 0 1019  8.97  1.88  1.93  0.00 -0.05  1.04   0  0  0.00 0                                                           
 CDOV   3.9 116  33  P 0 1019  8.91  1.82  1.85  0.01 -0.04  1.04   0  0  0.00 0                    S 0 10.20  3.11 -0.21   0.9            
 CFMN   4.3 267  33  P 0 1019  9.11  2.02  1.94  0.03  0.05  1.04   0  0  0.00 0                    S 0 10.50  3.41 -0.10   1.0            
 CNIS   4.6 154  33  P 0 1019  9.08  1.99  1.97  0.00  0.02  1.04   0  0  0.00 0                                                           
 CMTS   4.7  95  33  P 0 1019  9.20  2.11  2.02  0.00  0.09  1.02   0  0  0.00 0                                                           
 CBAC   5.8 242  33  P 0 1019  9.43  2.34  2.20  0.02  0.12  1.01   0  0  0.00 0                                                           
 CUMA   7.5 281  33  P 0 1019  9.55  2.46  2.53  0.00 -0.07  1.03   0  0  0.00 0                                                           
 CMIS   7.7 215  33  P 0 1019  9.71  2.62  2.61  0.01  0.00  1.04   0  0  0.00 0                                                           
1 ***** CLASS:     A     B     C     D TOTAL *****

       NUMBER:   0.0   1.0   0.0   0.0   1.0

            %:   0.0 100.0   0.0   0.0



          TRAVELTIME RESIDUALS (MODEL=1)     TRAVELTIME RESIDUALS (MODEL=2)     X-MAGNITUDE RESIDUALS      F-MAGNITUDE RESIDUALS
 STATION   NRES    SRWT   AVRES   SDRES       NRES    SRWT   AVRES   SDRES        NXM    AVXM    SDXM        NFM    AVFM    SDFM
    CBAG      0    0.00    0.00    0.00          0    0.00    0.00    0.00          0    0.00    0.00          0    0.00    0.00
    CSFT      0    0.00    0.00    0.00          0    0.00    0.00    0.00          0    0.00    0.00          0    0.00    0.00
    CNIS      0    0.00    0.00    0.00          0    0.00    0.00    0.00          0    0.00    0.00          0    0.00    0.00
    CDOV      0    0.00    0.00    0.00          0    0.00    0.00    0.00          0    0.00    0.00          0    0.00    0.00
    CMTS      0    0.00    0.00    0.00          0    0.00    0.00    0.00          0    0.00    0.00          0    0.00    0.00
    CUMA      0    0.00    0.00    0.00          0    0.00    0.00    0.00          0    0.00    0.00          0    0.00    0.00
    CPOZ      0    0.00    0.00    0.00          0    0.00    0.00    0.00          0    0.00    0.00          0    0.00    0.00
    CFB3      0    0.00    0.00    0.00          0    0.00    0.00    0.00          0    0.00    0.00          0    0.00    0.00
    CMIS      0    0.00    0.00    0.00          0    0.00    0.00    0.00          0    0.00    0.00          0    0.00    0.00
    CSTH      0    0.00    0.00    0.00          0    0.00    0.00    0.00          0    0.00    0.00          0    0.00    0.00
    CMSN      0    0.00    0.00    0.00          0    0.00    0.00    0.00          0    0.00    0.00          0    0.00    0.00
    COLB      0    0.00    0.00    0.00          0    0.00    0.00    0.00          0    0.00    0.00          0    0.00    0.00
    CGAU      0    0.00    0.00    0.00          0    0.00    0.00    0.00          0    0.00    0.00          0    0.00    0.00
    CFMN      0    0.00    0.00    0.00          0    0.00    0.00    0.00          0    0.00    0.00          0    0.00    0.00
    CAWE      0    0.00    0.00    0.00          0    0.00    0.00    0.00          0    0.00    0.00          0    0.00    0.00
    CPIS      0    0.00    0.00    0.00          0    0.00    0.00    0.00          0    0.00    0.00          0    0.00    0.00
    CBAC      0    0.00    0.00    0.00          0    0.00    0.00    0.00          0    0.00    0.00          0    0.00    0.00
    CSOB      0    0.00    0.00    0.00          0    0.00    0.00    0.00          0    0.00    0.00          0    0.00    0.00
    CAAM      0    0.00    0.00    0.00          0    0.00    0.00    0.00          0    0.00    0.00          0    0.00    0.00
