1
                                                                                        



 ***** PROGRAM: HYPO71PC (Version 1: 11/29/85) *****


             TEST(1)  TEST(2)  TEST(3)  TEST(4)  TEST(5)  TEST(6)  TEST(7)  TEST(8)  TEST(9) TEST(10) TEST(11) TEST(12) TEST(13)
 STANDARD     .1000  10.0000   2.0000    .0500   5.0000   4.0000   -.8700   2.0000    .0035 100.0000   8.0000    .5000   1.0000
 RESET TO     .1000   2.0000   2.0000    .0500   3.0000   4.0000  -2.4600   2.8200    .0010 100.0000   8.0000    .5000   1.0000

    L     STN     LAT     LONG    ELV DELAY     FMGC  XMGC KL  PRR  CALR IC      DATE HRMN
    1    CMDT 4046.76N  1424.52E  174   .07      .00    .00 0  .00    .00 0          0   0
    2    VARP 4048.99N  1424.61E  629   .25      .00    .00 0  .00    .00 0          0   0
    3    VBKN 4049.79N  1425.79E  951   .38      .00    .00 0  .00    .00 0          0   0
    4    CRTO 4049.27N  1425.34E 1121   .45      .00    .00 0  .00    .00 0          0   0
    5    VTIR 4048.35N  1425.46E  611   .24      .00    .00 0  .00    .00 0          0   0
    6    VCRE 4049.14N  1425.88E 1113   .44      .00    .00 0  .00    .00 0          0   0
    7    VVDG 4050.14N  1425.43E  855   .34      .00    .00 0  .00    .00 0          0   0
    8    VEPO 4048.40N  1420.21E   10   .00      .00    .00 0  .00    .00 0          0   0
    9    SANA 4052.59N  1422.90E   93   .04      .00    .00 0  .00    .00 0          0   0
   10    VCNE 4049.60N  1426.04E  966   .39      .00    .00 0  .00    .00 0          0   0
   11    VOVO 4049.65N  1423.80E  493   .20      .00    .00 0  .00    .00 0          0   0
   12     PPV 4045.21N  1429.02E   29   .01      .00    .00 0  .00    .00 0          0   0
   13     HR9 4048.30N  1420.93E   34   .01      .00    .00 0  .00    .00 0          0   0
   14    VTRZ 4048.42N  1428.52E  175   .07      .00    .00 0  .00    .00 0          0   0
   15     TDG 4048.35N  1423.53E  300   .12      .00    .00 0  .00    .00 0          0   0
   16     OTV 4050.35N  1427.98E  363   .14      .00    .00 0  .00    .00 0          0   0
   17     CPV 4046.93N  1425.33E  190   .08      .00    .00 0  .00    .00 0          0   0
   18     SMC 4051.12N  1426.08E  406   .16      .00    .00 0  .00    .00 0          0   0
   19     SSB 4050.47N  1422.23E  175   .07      .00    .00 0  .00    .00 0          0   0
   20     NL9 4055.23N  1432.70E   88   .03      .00    .00 0  .00    .00 0          0   0
   21     OVO 4049.65N  1423.80E  584   .23      .00    .00 0  .00    .00 0          0   0
   22     BKE 4049.08N  1426.33E  863   .34      .00    .00 0  .00    .00 0          0   0
   23    VPOB 4051.13N  1423.00E  170   .07      .00    .00 0  .00    .00 0          0   0
   24     MSC 4111.49N  1358.28E  190   .04      .00    .00 0  .00    .00 0          0   0
   25    MTST 4014.27N  15 3.92E 1125   .22      .00    .00 0  .00    .00 0          0   0
   26     NL9 4055.23N  1432.70E   88   .03      .00    .00 0  .00    .00 0          0   0
   27     SGG 4123.20N  1422.75E  880   .18      .00    .00 0  .00    .00 0          0   0
   28     SOR 4034.92N  1420.10E  497   .10      .00    .00 0  .00    .00 0          0   0
   29    CPOZ 4049.27N  14 7.12E    3   .00      .00    .00 0  .00    .00 0          0   0
   30    CSFB 4049.71N  14 8.39E  -96  -.06      .00    .00 0  .00    .00 0          0   0
   31    CSOB 4049.60N  14 8.63E  175   .10      .00    .00 0  .00    .00 0          0   0
   32    CPIS 4049.75N  14 8.82E   77   .04      .00    .00 0  .00    .00 0          0   0
   33    COLB 4049.14N  14 8.68E   22   .01      .00    .00 0  .00    .00 0          0   0
   34    CAAM 4049.20N  14 8.52E  130   .08      .00    .00 0  .00    .00 0          0   0
   35    CMSA 4050.32N  1411.02E  200   .12      .00    .00 0  .00    .00 0          0   0
   36    CMSN 4050.32N  1411.02E  200   .12      .00    .00 0  .00    .00 0          0   0
   37    CBAC 4048.66N  14 4.85E   40   .02      .00    .00 0  .00    .00 0          0   0
   38    CSFT 4049.75N  14 8.38E  107   .06      .00    .00 0  .00    .00 0          0   0
   39    CDOV 4049.18N  1410.97E   15   .01      .00    .00 0  .00    .00 0          0   0
   40    CFMN 4049.97N  14 5.42E   59   .03      .00    .00 0  .00    .00 0          0   0
   41    CQUE 4053.14N  14 9.23E  144   .08      .00    .00 0  .00    .00 0          0   0
   42    MRUS 4051.74N  14 4.79E  207   .12      .00    .00 0  .00    .00 0          0   0
   43    ARCO 4050.63N  14 5.60E   75   .04      .00    .00 0  .00    .00 0          0   0
   44    CASO 4050.41N  14 8.34E  235   .14      .00    .00 0  .00    .00 0          0   0
   45    CAWE 4050.41N  14 8.34E  235   .14      .00    .00 0  .00    .00 0          0   0
   46    CMIS 4046.69N  14 5.34E   25   .01      .00    .00 0  .00    .00 0          0   0
   47    CBAG 4048.69N  1410.48E    5   .00      .00    .00 0  .00    .00 0          0   0
   48    CCAG 4049.27N  14 7.12E   30   .02      .00    .00 0  .00    .00 0          0   0
   49    CFB1 4048.62N  14 7.27E  -40  -.02      .00    .00 0  .00    .00 0          0   0
   50    CFB3 4048.54N  14 8.65E  -38  -.02      .00    .00 0  .00    .00 0          0   0
   51    CIRC 4049.90N  1411.84E   68   .04      .00    .00 0  .00    .00 0          0   0
   52    CMTS 4049.90N  1411.84E   68   .04      .00    .00 0  .00    .00 0          0   0
   53    CCCA 4049.96N  14 7.42E   70   .04      .00    .00 0  .00    .00 0          0   0
   54    CCAP 4048.38N  1411.54E  166   .10      .00    .00 0  .00    .00 0          0   0
   55     BAC 4048.58N  14 4.96E   15   .00      .00    .00 0  .00    .00 0          0   0
   56    CNIS 4047.87N  14 9.88E    3   .00      .00    .00 0  .00    .00 0          0   0
   57     POZ 4049.22N  14 7.23E    3   .00      .00    .00 0  .00    .00 0          0   0
   58     SFT 4049.79N  14 8.31E   90   .05      .00    .00 0  .00    .00 0          0   0
   59     ASO 4050.41N  14 8.46E  200   .12      .00    .00 0  .00    .00 0          0   0
   60     ASE 4050.41N  14 9.52E  100   .06      .00    .00 0  .00    .00 0          0   0
   61    CASE 4050.41N  14 9.52E  100   .06      .00    .00 0  .00    .00 0          0   0
   62     STH 4049.77N  14 8.96E   40   .02      .00    .00 0  .00    .00 0          0   0
   63    CSTH 4049.77N  14 8.96E   40   .02      .00    .00 0  .00    .00 0          0   0
   64    CROS 4049.47N  14 9.01E  108   .00      .00    .00 0  .00    .00 0          0   0
   65    V102 4049.78N  14 8.85E   69   .00      .00    .00 0  .00    .00 0          0   0
   66    V105 4048.48N  14 9.56E   14   .02      .00    .00 0  .00    .00 0          0   0
   67    V106 4053.02N  14 4.24E   55   .00      .00    .00 0  .00    .00 0          0   0
   68    V101 4049.87N  14 9.76E   18   .00      .00    .00 0  .00    .00 0          0   0
   69    V104 4051.14N  14 6.78E  100   .00      .00    .00 0  .00    .00 0          0   0
   70    CSOC 4050.49N  1412.73E  100   .00      .00    .00 0  .00    .00 0          0   0
   71     OC9 4044.75N  1354.05E  123   .07      .00    .00 0  .00    .00 0          0   0
   72     CAI 4043.88N  1357.92E   80   .04      .00    .00 0  .00    .00 0          0   0
   73     FO9 4042.65N  1351.32E  170   .10      .00    .00 0  .00    .00 0          0   0
   74    IFOR 4042.65N  1351.32E  170   .10      .00    .00 0  .00    .00 0          0   0
   75    IOCA 4044.75N  1354.05E  123   .07      .00    .00 0  .00    .00 0          0   0
   76    T361 4045.40N  1352.73E    7   .00      .00    .00 0  .00    .00 0          0   0
   77    T363 4044.73N  1354.81E   50   .03      .00    .00 0  .00    .00 0          0   0
   78    T365 4042.08N  1355.09E  130   .08      .00    .00 0  .00    .00 0          0   0
   79    T366 4044.24N  1354.27E  213   .12      .00    .00 0  .00    .00 0          0   0
   80    IBCM 4043.12N  1353.14E  314   .18      .00    .00 0  .00    .00 0          0   0
   81    ICVJ 4044.61N  1353.71E   81   .47      .00    .00 0  .00    .00 0          0   0
   82    IMTC 4043.25N  1352.55E  209   .12      .00    .00 0  .00    .00 0          0   0
   83    PTMR 4045.68N  14 2.09E   75   .04      .00    .00 0  .00    .00 0          0   0
   84    IMNT 4044.17N  1356.08E  180   .10      .00    .00 0  .00    .00 0          0   0
   85    IBRN 4042.84N  1355.61E  150   .09      .00    .00 0  .00    .00 0          0   0
   86    IPSM 4044.77N  1356.63E   10   .00      .00    .00 0  .00    .00 0          0   0
   87    IVLC 4045.55N  1352.33E   70   .04      .00    .00 0  .00    .00 0          0   0
   88    BCLI 4047.81N  14 4.66E   15   .00      .00    .00 0  .00    .00 0          0   0
   89    BAIP 4049.10N  14 4.23E    8   .00      .00    .00 0  .00    .00 0          0   0
   90    POZL 4049.93N  14 5.06E   41   .00      .00    .00 0  .00    .00 0          0   0
   91    POZT 4049.25N  14 7.26E   36   .00      .00    .00 0  .00    .00 0          0   0
   92    POZA 4050.05N  14 7.00E   73   .00      .00    .00 0  .00    .00 0          0   0
   93    POZB 4050.41N  14 6.07E   73   .00      .00    .00 0  .00    .00 0          0   0
   94    POZS 4049.73N  14 7.80E   93   .00      .00    .00 0  .00    .00 0          0   0
   95    MPCD 4047.66N  14 3.31E   88   .00      .00    .00 0  .00    .00 0          0   0
   96    POZM 4049.43N  14 8.61E  151   .00      .00    .00 0  .00    .00 0          0   0
   97    POZU 4051.35N  14 7.25E   73   .00      .00    .00 0  .00    .00 0          0   0
   98    NABA 4049.13N  14 9.67E   71   .00      .00    .00 0  .00    .00 0          0   0
   99     BAN 4048.83N  14 9.91E   51   .00      .00    .00 0  .00    .00 0          0   0
  100    NAAG 4050.00N  14 9.94E   32   .00      .00    .00 0  .00    .00 0          0   0
  101    NACO 4048.29N  1410.46E    7   .00      .00    .00 0  .00    .00 0          0   0
  102    NAFG 4049.21N  1410.72E  134   .00      .00    .00 0  .00    .00 0          0   0
  103     NAP 4047.95N  1410.78E  203   .00      .00    .00 0  .00    .00 0          0   0
  104     NAD 4052.30N  1416.80E  146   .00      .00    .00 0  .00    .00 0          0   0
  105    CGAU 4051.14N  14 6.78E  101   .00      .00    .00 0  .00    .00 0          0   0
  106    CUMA 4050.88N  14 3.21E   53   .00      .00    .00 0  .00    .00 0          0   0
  107    CMDP 4047.78N  14 3.76E   55   .00      .00    .00 0  .00    .00 0          0   0
  108    CRUS 4051.75N  14 4.79E  104   .00      .00    .00 0  .00    .00 0          0   0
  109    CFB2 4048.25N  14 8.03E  -74  -.02      .00    .00 0  .00    .00 0          0   0
  110    CREM 4049.42N  14 7.69E   77   .00      .00    .00 0  .00    .00 0          0   0
  111    CLAC 4053.02N  14 4.24E   55   .00      .00    .00 0  .00    .00 0          0   0



       CRUSTAL MODEL 1
     VELOCITY     DEPTH
        1.700      .000
        2.000      .500
        3.000     1.000
        5.500     3.000
        5.700    10.000
        6.700    23.000
        8.200    37.000



KS Z XNEAR XFAR  POS   IQ  KMS  KFM IPUN IMAG   IR IPRN CODE   LATR      LONR
 0  2.  15.  20. 1.78    1    1    0    1    1    0    000010   0   .00   0   .00



 ***** SORR P 0 250513100751.02                                                         ***** DELETED: SORR NOT ON STATION LIST



 ***** VENT P 0 250513100755.88                                                         ***** DELETED: VENT NOT ON STATION LIST



 ***** BAN  PD0 250513100746.92       48.56 S 0                                         ***** DELETED: BAN  NOT ON STATION LIST






  DATE    ORIGIN    LAT N    LONG E    DEPTH    MAG NO DM GAP M  RMS  ERH  ERZ Q SQD  ADJ IN NR  AVR  AAR NM AVXM SDXM NF AVFM SDFM I
 250513 10 7 44.87 40-49.60  14- 6.69   2.80        58  1  56 1  .10   .1   .0 A A|A  .51 10 58  .00  .08  0   .0   .0  0   .0   .0 3

  STN  DIST AZM AIN PRMK HRMN P-SEC TPOBS TPCAL DLY/H1 P-RES P-WT AMX PRX CALX K XMAG RMK FMP FMAG SRMK S-SEC TSOBS S-RES  S-WT    DT
 CPOZ    .9 135 160  PD0 10 7 46.01  1.14  1.19   .00  -.06  1.08   0  0   .00 0                    S 0 47.07  2.20   .07   1.1      
 POZT   1.0 129 157  PD0 10 7 46.05  1.18  1.22   .00  -.04  1.08   0  0   .00 0                    S 0 47.22  2.35   .18   1.0      
 CREM   1.4 103 148  PD1 10 7 46.20  1.33  1.28   .00   .05   .81   0  0   .00 0                                                     
 POZS   1.6  81 146  PU0 10 7 46.19  1.32  1.30   .00   .01  1.08   0  0   .00 0                    S 0 47.27  2.40   .08   1.1      
 POZB   1.7 330 143  PU0 10 7 46.25  1.38  1.33   .00   .04  1.08   0  0   .00 0                    S 0 47.16  2.29  -.09   1.1      
 CFMN   1.9 291 140  PD0 10 7 46.28  1.41  1.37   .03   .00  1.08   0  0   .00 0                    S 0 47.28  2.41  -.09   1.1      
 POZL   2.4 285 134  PD0 10 7 46.40  1.53  1.48   .00   .05  1.08   0  0   .00 0                    S 0 47.43  2.56  -.07   1.1      
 CSFT   2.4  83 134  PU0 10 7 46.44  1.57  1.48   .06   .03  1.08   0  0   .00 0                                                     
 CAAM   2.7 106 130  PU0 10 7 46.55  1.68  1.55   .08   .04  1.08   0  0   .00 0                                                     
 POZM   2.7  97 130  P 0 10 7 46.55  1.68  1.56   .00   .11  1.05   0  0   .00 0                    S 0 47.44  2.57  -.21    .9      
 CSOB   2.7  90 129  PU0 10 7 46.53  1.66  1.56   .10  -.01  1.08   0  0   .00 0                    S 0 47.55  2.68  -.29    .6      
 CAWE   2.8  57 129  PU0 10 7 46.64  1.77  1.57   .14   .05  1.08   0  0   .00 0                                                     
 CGAU   2.9   2 128  PU0 10 7 46.52  1.65  1.60   .00   .05  1.08   0  0   .00 0                    S 0 47.63  2.76  -.09   1.1      
 COLB   2.9 107 127  PD0 10 7 46.53  1.66  1.62   .01   .03  1.08   0  0   .00 0                                                     
 CPIS   3.0  85 126  P 0 10 7 46.64  1.77  1.64   .04   .09  1.07   0  0   .00 0                    S 0 47.84  2.97  -.02   1.1      
 CBAC   3.1 236 125  PU0 10 7 46.58  1.71  1.67   .02   .02  1.08   0  0   .00 0                    S 0 47.89  3.02   .01   1.1      
 CFB2   3.1 143 125  PU0 10 7 46.58  1.71  1.67  -.02   .06  1.08   0  0   .00 0                                                     
 CSTH   3.2  84 125  PD0 10 7 46.60  1.73  1.69   .02   .01  1.08   0  0   .00 0                    S 0 47.81  2.94  -.11   1.1      
 POZU   3.3  14 123  PU0 10 7 46.67  1.80  1.73   .00   .07  1.07   0  0   .00 0                    S 0 48.01  3.14   .06   1.1      
 CFB3   3.4 125  33  PD0 10 7 46.66  1.79  1.74  -.02   .07  1.07   0  0   .00 0                                                     
 BAIP   3.6 255  33  PU0 10 7 46.64  1.77  1.78   .00  -.01  1.08   0  0   .00 0                    S 0 47.78  2.91  -.26    .8      
 BCLI   4.4 221  33  PU0 10 7 46.79  1.92  1.92   .00   .00  1.08   0  0   .00 0                                                     
 V105   4.5 117  33  PD0 10 7 46.91  2.04  1.95   .02   .07  1.07   0  0   .00 0                                                     
 NAAG   4.6  81  33  P-0 10 7 46.73  1.86  1.97   .00  -.11  1.06   0  0   .00 0                    S 0 48.04  3.17  -.34    .3      
 CRUS   4.8 326  33  PU0 10 7 46.88  2.01  2.00   .00   .01  1.08   0  0   .00 0                                                     
 CMDP   5.3 231  33  P 0 10 7 46.85  1.98  2.09   .00  -.12  1.05   0  0   .00 0                                                     
 CUMA   5.4 296  33  P 2 10 7 46.91  2.04  2.12   .00  -.08   .54   0  0   .00 0                                                     
 CNIS   5.5 126  33  PD0 10 7 46.88  2.01  2.13   .00  -.12  1.05   0  0   .00 0                    S 0 48.73  3.86   .07   1.1      
 CBAG   5.6 108  33  PD0 10 7 47.01  2.14  2.14   .00  -.01  1.08   0  0   .00 0                    S 0 48.70  3.83   .01   1.1      
 NAFG   5.7  97  33  PD0 10 7 46.92  2.05  2.16   .00  -.12  1.05   0  0   .00 0                    S 0 48.52  3.65  -.21    .9      
 CMIS   5.7 199  33  PU0 10 7 47.02  2.15  2.16   .01  -.03  1.08   0  0   .00 0                                                     
 NACO   5.8 115  33  PD0 10 7 47.18  2.31  2.19   .00   .12  1.05   0  0   .00 0                                                     
 MPCD   6.0 233  33  PU0 10 7 47.14  2.27  2.21   .00   .06  1.08   0  0   .00 0                                                     
 CDOV   6.1  97  33  PD0 10 7 47.02  2.15  2.23   .01  -.09  1.07   0  0   .00 0                                                     
 CLAC   7.2 331  33  PU2 10 7 47.45  2.58  2.44   .00   .14   .52   0  0   .00 0                                                     
 CMTS   7.3  86  33  PU0 10 7 47.40  2.53  2.45   .04   .04  1.08   0  0   .00 0                    S 0 49.68  4.81   .38**  .1      
 CQUE   7.5  29  33  P 0 10 7 47.58  2.71  2.48   .08   .14  1.04   0  0   .00 0                                                     
 CSOC   8.6  79  33  P-0 10 7 47.77  2.90  2.70   .00   .20   .95   0  0   .00 0                                                     
 PTMR   9.7 222  33  PU0 10 7 47.88  3.01  2.89   .04   .07  1.07   0  0   .00 0                                                     

          MISSING STATION  DELTA   AZIM  EX-GAP  RD-GAP
                     CCAG     .9  135.4     7.6      .0



 ***** EXTRA BLANK CARD ENCOUNTERED *****



 ***** EXTRA BLANK CARD ENCOUNTERED *****



 ***** EXTRA BLANK CARD ENCOUNTERED *****
1 ***** CLASS:     A     B     C     D TOTAL *****

       NUMBER:   1.0    .0    .0    .0   1.0

            %: 100.0    .0    .0    .0



          TRAVELTIME RESIDUALS (MODEL=1)     TRAVELTIME RESIDUALS (MODEL=2)     X-MAGNITUDE RESIDUALS      F-MAGNITUDE RESIDUALS
 STATION   NRES    SRWT   AVRES   SDRES       NRES    SRWT   AVRES   SDRES        NXM    AVXM    SDXM        NFM    AVFM    SDFM
    CMDT      0     .00     .00     .00          0     .00     .00     .00          0     .00     .00          0     .00     .00
    VARP      0     .00     .00     .00          0     .00     .00     .00          0     .00     .00          0     .00     .00
    VBKN      0     .00     .00     .00          0     .00     .00     .00          0     .00     .00          0     .00     .00
    CRTO      0     .00     .00     .00          0     .00     .00     .00          0     .00     .00          0     .00     .00
    VTIR      0     .00     .00     .00          0     .00     .00     .00          0     .00     .00          0     .00     .00
    VCRE      0     .00     .00     .00          0     .00     .00     .00          0     .00     .00          0     .00     .00
    VVDG      0     .00     .00     .00          0     .00     .00     .00          0     .00     .00          0     .00     .00
    VEPO      0     .00     .00     .00          0     .00     .00     .00          0     .00     .00          0     .00     .00
    SANA      0     .00     .00     .00          0     .00     .00     .00          0     .00     .00          0     .00     .00
    VCNE      0     .00     .00     .00          0     .00     .00     .00          0     .00     .00          0     .00     .00
    VOVO      0     .00     .00     .00          0     .00     .00     .00          0     .00     .00          0     .00     .00
     PPV      0     .00     .00     .00          0     .00     .00     .00          0     .00     .00          0     .00     .00
     HR9      0     .00     .00     .00          0     .00     .00     .00          0     .00     .00          0     .00     .00
    VTRZ      0     .00     .00     .00          0     .00     .00     .00          0     .00     .00          0     .00     .00
     TDG      0     .00     .00     .00          0     .00     .00     .00          0     .00     .00          0     .00     .00
     OTV      0     .00     .00     .00          0     .00     .00     .00          0     .00     .00          0     .00     .00
     CPV      0     .00     .00     .00          0     .00     .00     .00          0     .00     .00          0     .00     .00
     SMC      0     .00     .00     .00          0     .00     .00     .00          0     .00     .00          0     .00     .00
     SSB      0     .00     .00     .00          0     .00     .00     .00          0     .00     .00          0     .00     .00
     NL9      0     .00     .00     .00          0     .00     .00     .00          0     .00     .00          0     .00     .00
     OVO      0     .00     .00     .00          0     .00     .00     .00          0     .00     .00          0     .00     .00
     BKE      0     .00     .00     .00          0     .00     .00     .00          0     .00     .00          0     .00     .00
    VPOB      0     .00     .00     .00          0     .00     .00     .00          0     .00     .00          0     .00     .00
     MSC      0     .00     .00     .00          0     .00     .00     .00          0     .00     .00          0     .00     .00
    MTST      0     .00     .00     .00          0     .00     .00     .00          0     .00     .00          0     .00     .00
     NL9      0     .00     .00     .00          0     .00     .00     .00          0     .00     .00          0     .00     .00
     SGG      0     .00     .00     .00          0     .00     .00     .00          0     .00     .00          0     .00     .00
     SOR      0     .00     .00     .00          0     .00     .00     .00          0     .00     .00          0     .00     .00
    CPOZ      1    1.08    -.06     .00          0     .00     .00     .00          0     .00     .00          0     .00     .00
    CSFB      0     .00     .00     .00          0     .00     .00     .00          0     .00     .00          0     .00     .00
    CSOB      1    1.08    -.01     .00          0     .00     .00     .00          0     .00     .00          0     .00     .00
    CPIS      1    1.07     .09     .00          0     .00     .00     .00          0     .00     .00          0     .00     .00
    COLB      1    1.08     .03     .00          0     .00     .00     .00          0     .00     .00          0     .00     .00
    CAAM      1    1.08     .04     .00          0     .00     .00     .00          0     .00     .00          0     .00     .00
    CMSA      0     .00     .00     .00          0     .00     .00     .00          0     .00     .00          0     .00     .00
    CMSN      0     .00     .00     .00          0     .00     .00     .00          0     .00     .00          0     .00     .00
    CBAC      1    1.08     .02     .00          0     .00     .00     .00          0     .00     .00          0     .00     .00
    CSFT      1    1.08     .03     .00          0     .00     .00     .00          0     .00     .00          0     .00     .00
    CDOV      1    1.07    -.09     .00          0     .00     .00     .00          0     .00     .00          0     .00     .00
    CFMN      1    1.08     .00     .00          0     .00     .00     .00          0     .00     .00          0     .00     .00
    CQUE      1    1.04     .14     .00          0     .00     .00     .00          0     .00     .00          0     .00     .00
    MRUS      0     .00     .00     .00          0     .00     .00     .00          0     .00     .00          0     .00     .00
    ARCO      0     .00     .00     .00          0     .00     .00     .00          0     .00     .00          0     .00     .00
    CASO      0     .00     .00     .00          0     .00     .00     .00          0     .00     .00          0     .00     .00
    CAWE      1    1.08     .05     .00          0     .00     .00     .00          0     .00     .00          0     .00     .00
    CMIS      1    1.08    -.03     .00          0     .00     .00     .00          0     .00     .00          0     .00     .00
    CBAG      1    1.08    -.01     .00          0     .00     .00     .00          0     .00     .00          0     .00     .00
    CCAG      0     .00     .00     .00          0     .00     .00     .00          0     .00     .00          0     .00     .00
    CFB1      0     .00     .00     .00          0     .00     .00     .00          0     .00     .00          0     .00     .00
    CFB3      1    1.07     .07     .00          0     .00     .00     .00          0     .00     .00          0     .00     .00
    CIRC      0     .00     .00     .00          0     .00     .00     .00          0     .00     .00          0     .00     .00
    CMTS      1    1.08     .04     .00          0     .00     .00     .00          0     .00     .00          0     .00     .00
    CCCA      0     .00     .00     .00          0     .00     .00     .00          0     .00     .00          0     .00     .00
    CCAP      0     .00     .00     .00          0     .00     .00     .00          0     .00     .00          0     .00     .00
     BAC      0     .00     .00     .00          0     .00     .00     .00          0     .00     .00          0     .00     .00
    CNIS      1    1.05    -.12     .00          0     .00     .00     .00          0     .00     .00          0     .00     .00
     POZ      0     .00     .00     .00          0     .00     .00     .00          0     .00     .00          0     .00     .00
     SFT      0     .00     .00     .00          0     .00     .00     .00          0     .00     .00          0     .00     .00
     ASO      0     .00     .00     .00          0     .00     .00     .00          0     .00     .00          0     .00     .00
     ASE      0     .00     .00     .00          0     .00     .00     .00          0     .00     .00          0     .00     .00
    CASE      0     .00     .00     .00          0     .00     .00     .00          0     .00     .00          0     .00     .00
     STH      0     .00     .00     .00          0     .00     .00     .00          0     .00     .00          0     .00     .00
    CSTH      1    1.08     .01     .00          0     .00     .00     .00          0     .00     .00          0     .00     .00
    CROS      0     .00     .00     .00          0     .00     .00     .00          0     .00     .00          0     .00     .00
    V102      0     .00     .00     .00          0     .00     .00     .00          0     .00     .00          0     .00     .00
    V105      1    1.07     .07     .00          0     .00     .00     .00          0     .00     .00          0     .00     .00
    V106      0     .00     .00     .00          0     .00     .00     .00          0     .00     .00          0     .00     .00
    V101      0     .00     .00     .00          0     .00     .00     .00          0     .00     .00          0     .00     .00
    V104      0     .00     .00     .00          0     .00     .00     .00          0     .00     .00          0     .00     .00
    CSOC      1     .95     .20     .00          0     .00     .00     .00          0     .00     .00          0     .00     .00
     OC9      0     .00     .00     .00          0     .00     .00     .00          0     .00     .00          0     .00     .00
     CAI      0     .00     .00     .00          0     .00     .00     .00          0     .00     .00          0     .00     .00
     FO9      0     .00     .00     .00          0     .00     .00     .00          0     .00     .00          0     .00     .00
    IFOR      0     .00     .00     .00          0     .00     .00     .00          0     .00     .00          0     .00     .00
    IOCA      0     .00     .00     .00          0     .00     .00     .00          0     .00     .00          0     .00     .00
    T361      0     .00     .00     .00          0     .00     .00     .00          0     .00     .00          0     .00     .00
    T363      0     .00     .00     .00          0     .00     .00     .00          0     .00     .00          0     .00     .00
    T365      0     .00     .00     .00          0     .00     .00     .00          0     .00     .00          0     .00     .00
    T366      0     .00     .00     .00          0     .00     .00     .00          0     .00     .00          0     .00     .00
    IBCM      0     .00     .00     .00          0     .00     .00     .00          0     .00     .00          0     .00     .00
    ICVJ      0     .00     .00     .00          0     .00     .00     .00          0     .00     .00          0     .00     .00
    IMTC      0     .00     .00     .00          0     .00     .00     .00          0     .00     .00          0     .00     .00
    PTMR      1    1.07     .07     .00          0     .00     .00     .00          0     .00     .00          0     .00     .00
    IMNT      0     .00     .00     .00          0     .00     .00     .00          0     .00     .00          0     .00     .00
    IBRN      0     .00     .00     .00          0     .00     .00     .00          0     .00     .00          0     .00     .00
    IPSM      0     .00     .00     .00          0     .00     .00     .00          0     .00     .00          0     .00     .00
    IVLC      0     .00     .00     .00          0     .00     .00     .00          0     .00     .00          0     .00     .00
    BCLI      1    1.08     .00     .00          0     .00     .00     .00          0     .00     .00          0     .00     .00
    BAIP      1    1.08    -.01     .00          0     .00     .00     .00          0     .00     .00          0     .00     .00
    POZL      1    1.08     .05     .00          0     .00     .00     .00          0     .00     .00          0     .00     .00
    POZT      1    1.08    -.04     .00          0     .00     .00     .00          0     .00     .00          0     .00     .00
    POZA      0     .00     .00     .00          0     .00     .00     .00          0     .00     .00          0     .00     .00
    POZB      1    1.08     .04     .00          0     .00     .00     .00          0     .00     .00          0     .00     .00
    POZS      1    1.08     .01     .00          0     .00     .00     .00          0     .00     .00          0     .00     .00
    MPCD      1    1.08     .06     .00          0     .00     .00     .00          0     .00     .00          0     .00     .00
    POZM      1    1.05     .11     .00          0     .00     .00     .00          0     .00     .00          0     .00     .00
    POZU      1    1.07     .07     .00          0     .00     .00     .00          0     .00     .00          0     .00     .00
    NABA      0     .00     .00     .00          0     .00     .00     .00          0     .00     .00          0     .00     .00
     BAN      0     .00     .00     .00          0     .00     .00     .00          0     .00     .00          0     .00     .00
    NAAG      1    1.06    -.11     .00          0     .00     .00     .00          0     .00     .00          0     .00     .00
    NACO      1    1.05     .12     .00          0     .00     .00     .00          0     .00     .00          0     .00     .00
    NAFG      1    1.05    -.12     .00          0     .00     .00     .00          0     .00     .00          0     .00     .00
     NAP      0     .00     .00     .00          0     .00     .00     .00          0     .00     .00          0     .00     .00
     NAD      0     .00     .00     .00          0     .00     .00     .00          0     .00     .00          0     .00     .00
    CGAU      1    1.08     .05     .00          0     .00     .00     .00          0     .00     .00          0     .00     .00
    CUMA      1     .54    -.08     .00          0     .00     .00     .00          0     .00     .00          0     .00     .00
    CMDP      1    1.05    -.12     .00          0     .00     .00     .00          0     .00     .00          0     .00     .00
    CRUS      1    1.08     .01     .00          0     .00     .00     .00          0     .00     .00          0     .00     .00
    CFB2      1    1.08     .06     .00          0     .00     .00     .00          0     .00     .00          0     .00     .00
    CREM      1     .81     .05     .00          0     .00     .00     .00          0     .00     .00          0     .00     .00
    CLAC      1     .52     .14     .00          0     .00     .00     .00          0     .00     .00          0     .00     .00
