 parameter settings for fpfit
 -----------------------------
ttl   1 'example_h71.prt                            Tue Jan 19 17:01:24 1999'
hyp 'example_h71.prt'
out 'example.out'
sum 'example.fps'
pol 'example.pol'
jmp 'example_h71.inp'
for   1
mag      0.    
obs  15
dis  0.1000E+06
res   100.0    
ain      0.      180.0    
amp   0
bst   0
fin   1
rep   1
cmp   0
hdr  0.1000E-01 0.2000E-01 0.5000E-01 0.1000    
mcr  0.2000      1.000      1.000      1.000    
dir   90.00      250.0      20.00      5.000    
dip   10.00      90.00      20.00      5.000    
rak  -180.0      160.0      20.00      10.00    
chn   1 'VHZ'
hds   1 '2'
mcs   1 'W'


 SUMMARY OF STATIONS HAVING POLARITIES IN DISCREPANCY WITH BEST FIT SOLUTION (* DENOTES REVERSED STATION)
  STATION     DISCREPANCIES    AGREEMENTS       TOTAL  WEIGHTED ERROR RATE   TOTAL ERROR CONTRIBUTION

  BCGM               0              3              3          0.000          0.0000
  BJCM               0              3              3          0.000          0.0000
  BPNM               0              3              3          0.000          0.0000
  BR1M               0              3              3          0.000          0.0000
  BRVM               0              1              1          0.000          0.0000
  BSGM               0              1              1          0.000          0.0000
  CADM               1              1              2          0.494          0.0298
  CCOM               1              2              3          0.345          0.0294
  HAZM               0              3              3          0.000          0.0000
  HCAM               0              3              3          0.000          0.0000
  HCRM               0              2              2          0.000          0.0000
  HDLM               0              3              3          0.000          0.0000
  HFOM               0              2              2          0.000          0.0000
  HJGM               0              3              3          0.000          0.0000
  HORM               0              1              1          0.000          0.0000
  HPLM               0              2              2          0.000          0.0000
  HPRM               0              2              2          0.000          0.0000
  HQRM               0              3              3          0.000          0.0000
  JALM               0              1              1          0.000          0.0000
  JCBM               1              0              1          1.000          0.0305
  JECM               0              1              1          0.000          0.0000
  JEMM               0              1              1          0.000          0.0000

 TOTAL              3             44             47

 SUMMARY OF HAND-PICKED DATA WITH RESPECT TO BEST FIT SOLUTIONS
  QUAL        DISCREPANCIES    AGREEMENTS       TOTAL     WEIGHTED ERROR RATE

   0                3             42             45         0.0908  **
   1                0              1              1         0.0000    
   2                0              1              1         0.0000    
   3                0              0              0         0.0000    

 TOTAL              3             44             47

 SUMMARY OF MACHINE-PICKED DATA WITH RESPECT TO BEST FIT SOLUTIONS
  QUAL        DISCREPANCIES    AGREEMENTS       TOTAL     WEIGHTED ERROR RATE

   0                0              0              0         0.0000    
   1                0              0              0         0.0000    
   2                0              0              0         0.0000    
   3                0              0              0         0.0000    

 TOTAL              0              0              0

 DISTRIBUTION OF SOLUTION MISFIT SCORES
  MISFIT SCORE     NUM    CUM NUM
 0.000 - 0.025       1        1
 0.025 - 0.050       0        1
 0.050 - 0.075       1        2
 0.075 - 0.100       0        2
 0.100 - 0.125       0        2
 0.125 - 0.150       1        3
 0.150 - 0.175       0        3
 0.175 - 0.200       0        3
 0.200 - 0.225       0        3
 0.225 - 0.250       0        3
 0.250 - 0.275       0        3
 0.275 - 0.300       0        3
 0.300 - 0.325       0        3
 0.325 - 0.350       0        3
 0.350 - 0.375       0        3
 0.375 - 0.400       0        3
 0.400 - 0.425       0        3
 0.425 - 0.450       0        3
 0.450 - 0.475       0        3
 0.475 - 0.500       0        3

 DISTRIBUTION OF SOLUTION DIP RANGES
  RANGE       NUM    CUM NUM
    0.0         0        0
    5.0         2        2
   10.0         1        3
   15.0         0        3
   20.0         0        3
   25.0         0        3
   30.0         0        3
   35.0         0        3
   40.0         0        3
   45.0         0        3

 DISTRIBUTION OF SOLUTION STRIKE RANGES
  RANGE       NUM    CUM NUM
    0.0         1        1
    5.0         1        2
   10.0         1        3
   15.0         0        3
   20.0         0        3
   25.0         0        3
   30.0         0        3
   35.0         0        3
   40.0         0        3
   45.0         0        3
   50.0         0        3
   55.0         0        3
   60.0         0        3
   65.0         0        3
   70.0         0        3
   75.0         0        3
   80.0         0        3
   85.0         0        3
   90.0         0        3

 DISTRIBUTION OF SOLUTION RAKE RANGES
  RANGE       NUM    CUM NUM
    0.0         3        3
   10.0         0        3
   20.0         0        3
   30.0         0        3
   40.0         0        3
   50.0         0        3
   60.0         0        3
   70.0         0        3
   80.0         0        3
   90.0         0        3
  100.0         0        3
  110.0         0        3
  120.0         0        3
  130.0         0        3
  140.0         0        3
  150.0         0        3
  160.0         0        3
  170.0         0        3
  180.0         0        3

  17 EVENTS READ,   3 PROCESSED
