 parameter settings for fpfit
 -----------------------------
ttl   1 'example_inv.arc                            Wed Jan 20 11:53:38 1999'
hyp 'example_inv.arc'
out 'example.out'
sum 'example.sum'
pol 'example.pol'
jmp 'example_hinv.inp'
for   3
mag      0.    
obs  15
dis  0.1000E+06
res   100.0    
ain      0.      180.0    
amp   1
bst   0
fin   1
rep   1
cmp   0
hdr  0.2290E-01 0.7570E-01 0.2285     0.3395    
mcr  0.2000      1.000      1.000      1.000    
dir   90.00      250.0      20.00      5.000    
dip   10.00      90.00      20.00      5.000    
rak  -180.0      160.0      20.00      10.00    
chn   1 'VHZ'
chn   2 'VLZ'
chn   3 'VDZ'
hds   1 '2'
hds   2 'A'
mcs   1 'W'
mcs   2 'R'
mcs   3 'P'
mcs   4 'O'
rev   1 'CMB  ' 'BK'        0        0
rev   2 'FRI  ' 'BK'        0        0
rev   3 'MIN  ' 'BK'        0        0
rev   4 'PAS  ' 'CI'        0        0
rev   5 'SIM  ' 'CI'        0        0
rev   6 'CBL  ' 'NC'        0        0
rev   7 'DBO  ' 'NC'        0        0
rev   8 'EXS  ' 'NC'        0        0
rev   9 'LRC  ' 'NC'        0        0
rev  10 'MIL  ' 'NC'        0        0
rev  11 'NOC  ' 'NC'        0        0
rev  12 'CVL  ' 'NC'        0 19881204
rev  13 'ABJ  ' 'NC'        0        0
rev  14 'ARR  ' 'NC'        0 19880602
rev  15 'BSC  ' 'NC'        0        0
rev  16 'CBW  ' 'NC'        0 19920325
rev  17 'LCM  ' 'NC'        0        0
rev  18 'NPV  ' 'NC'        0 19891107
rev  19 'PPR  ' 'NC'        0        0
rev  20 'PSM  ' 'NC'        0 19890321
rev  21 'ADH  ' 'NN'        0 19841105
rev  22 'ADH  ' 'NN' 19880309        0
rev  23 'ANT  ' 'NN'        0 19841105
rev  24 'ANT  ' 'NN' 19880309        0
rev  25 'BAB  ' 'NN'        0 19860401
rev  26 'BEN  ' 'NN'        0 19870210
rev  27 'BHP  ' 'NN' 19840810        0
rev  28 'BIS  ' 'NN'        0        0
rev  29 'BMN  ' 'NN'        0 19850516
rev  30 'CAS  ' 'NN'        0        0
rev  31 'CWC  ' 'NN' 19840810        0
rev  32 'DIX  ' 'NN'        0 19880218
rev  33 'FLV  ' 'NN'        0        0
rev  34 'GNO  ' 'NN'        0        0
rev  35 'GVR  ' 'NN'        0        0
rev  36 'HYX  ' 'NN' 19860126        0
rev  37 'IND  ' 'NN'        0 19860118
rev  38 'KBF  ' 'NN'        0        0
rev  39 'LHV  ' 'NN'        0        0
rev  40 'LOY  ' 'NN'        0 19860118
rev  41 'LUL  ' 'NN' 19860506        0
rev  42 'MCC  ' 'NN'        0        0
rev  43 'MIL  ' 'NN' 19880309        0
rev  44 'MON  ' 'NN'        0        0
rev  45 'MPK  ' 'NN'        0        0
rev  46 'RYN  ' 'NN'        0        0
rev  47 'SLK  ' 'NN'        0        0
rev  48 'TAH  ' 'NN'        0 19860118
rev  49 'TNK  ' 'NN' 19860118        0
rev  50 'TNP  ' 'NN'        0        0
rev  51 'VIP  ' 'NN'        0        0
rev  52 'VPK  ' 'NN'        0 19860118
rev  53 'WCN  ' 'NN' 19841122 19870318
rev  54 'WMD  ' 'NN'        0        0
rev  55 'WSH  ' 'NN'        0        0
rev  56 'YAK  ' 'NN' 19790101 19810309
rev  57 'YAK  ' 'NN' 19810626 19810824
rev  58 'GAS  ' 'WR'        0        0
rev  59 'KPK  ' 'WR'        0        0
rev  60 'MGL  ' 'WR'        0        0
rev  61 'ORV  ' 'WR'        0        0
rev  62 'PLM  ' 'WR'        0        0
rev  63 'PYR  ' 'WR'        0        0
rev  64 'MTC  ' 'NC' 19880901        0
rev  65 'PAG  ' 'NC' 19850327 19850808
rev  66 'PBW  ' 'NC' 19850426 19850807
rev  67 'PCA  ' 'NC' 19850411 19860423
rev  68 'PGH  ' 'NC' 19850502 19850808
rev  69 'PHA  ' 'NC' 19850328 19850808
rev  70 'PHC  ' 'NC' 19850429 19850807
rev  71 'PHS  ' 'NC' 19850524 19850809
rev  72 'PMC  ' 'NC' 19850328 19850808
rev  73 'PMP  ' 'NC' 19850425 19850808
rev  74 'PMR  ' 'NC' 19850326 19850808
rev  75 'PPF  ' 'NC' 19850306 19850808
rev  76 'PSH  ' 'NC' 19850410 19850808
rev  77 'PSR  ' 'NC' 19850411 19850808
rev  78 'PST  ' 'NC' 19850329 19850809
rev  79 'PTR  ' 'NC' 19850520 19850808
rev  80 'PWK  ' 'NC' 19850306 19850809
rev  81 'PWK  ' 'NC' 19890411 19900118
rev  82 'HJG  ' 'NC' 19881019 19910327
rev  83 'CAO  ' 'NC' 19900306 19920324
rev  84 'CAO  ' 'NC' 19900306 19910402
rev  85 'PWK  ' 'NC' 19890411 19900118
rev  86 'ADW  ' 'NC' 19780502 19780517
rev  87 'AFH  ' 'NC' 19780505 19780517
rev  88 'AOD  ' 'NC' 19780502 19780517
rev  89 'AOD  ' 'NC' 19790201 19790526
rev  90 'BPY  ' 'NC' 19770204 19770523
rev  91 'BRM  ' 'NC' 19771117 19771123
rev  92 'BSG  ' 'NC' 19880901 19890112
rev  93 'CCN  ' 'NC' 19770131 19770317
rev  94 'CPA  ' 'NC' 19770815 19770901
rev  95 'HJG  ' 'NC' 19881019 19910327
rev  96 'JRW  ' 'NC' 19790613 19790628
rev  97 'JTG  ' 'NC' 19780620 19781215
rev  98 'MCU  ' 'NC' 19790612 19790731
rev  99 'MNH  ' 'NC' 19781004 19781214
rev 100 'NTB  ' 'NC' 19800701 19800801
rev 101 'PPF  ' 'NC' 19770118 19770405
rev 102 'PPF  ' 'NC' 19780526 19780705
rev 103 'PSM  ' 'NC' 19771014 19771116
rev 104 'BAP  ' 'NC' 19911217 19940301


 SUMMARY OF STATIONS HAVING POLARITIES IN DISCREPANCY WITH BEST FIT SOLUTION (* DENOTES REVERSED STATION)
  STATION     DISCREPANCIES    AGREEMENTS       TOTAL  WEIGHTED ERROR RATE   TOTAL ERROR CONTRIBUTION

  ARJ                1              0              1          1.000          0.0002
  BAV                0              2              2          0.000          0.0000
  BBG                0              2              2          0.000          0.0000
  BBN                0              1              1          0.000          0.0000
  BCG                0              1              1          0.000          0.0000
  BEH                0              2              2          0.000          0.0000
  BEM                0              2              2          0.000          0.0000
  BHR                0              1              1          0.000          0.0000
  BJC                0              1              1          0.000          0.0000
  BJO                1              2              3          0.057          0.0011
  BPC                1              1              2          0.276          0.0012
  BPI                0              2              2          0.000          0.0000
  BPR                0              1              1          0.000          0.0000
  BRV                0              1              1          0.000          0.0000
 *BSG                0              2              2          0.000          0.0000
  BSL                0              1              1          0.000          0.0000
  BSM                0              2              2          0.000          0.0000
  BSR                0              2              2          0.000          0.0000
  BVL                0              2              2          0.000          0.0000
  BVY                0              2              2          0.000          0.0000
  CCY                0              1              1          0.000          0.0000
  CDU                0              1              1          0.000          0.0000
  CMO                0              1              1          0.000          0.0000
  GAC                0              3              3          0.000          0.0000
  GAR                1              1              2          0.012          0.0001
  GAX                0              3              3          0.000          0.0000
  GBG                0              3              3          0.000          0.0000
  GBM                0              1              1          0.000          0.0000
  GCR                0              3              3          0.000          0.0000
  GCV                0              3              3          0.000          0.0000
  GCW                0              1              1          0.000          0.0000
  GDC                0              3              3          0.000          0.0000
  GDX                0              3              3          0.000          0.0000
  GGP                0              3              3          0.000          0.0000
  GGU                0              2              2          0.000          0.0000
  GHC                0              3              3          0.000          0.0000
  GHL                0              2              2          0.000          0.0000
  GHO                0              1              1          0.000          0.0000
  GHV                0              1              1          0.000          0.0000
  GMC                1              2              3          0.004          0.0001
  GMK                0              2              2          0.000          0.0000
  GNA                0              1              1          0.000          0.0000
  GPM                0              3              3          0.000          0.0000
  GRO                0              1              1          0.000          0.0000
  GRT                0              3              3          0.000          0.0000
  GSG                0              3              3          0.000          0.0000
  GSN                0              2              2          0.000          0.0000
  GSS                0              3              3          0.000          0.0000
  GTS                0              1              1          0.000          0.0000
  GWK                0              1              1          0.000          0.0000
  GWR                0              1              1          0.000          0.0000
  HGS                1              0              1          1.000          0.0011
 *HJG                0              1              1          0.000          0.0000
  HJS                1              0              1          1.000          0.0011
  JPS                1              0              1          1.000          0.0013
  KBN                0              1              1          0.000          0.0000
  KBS                0              1              1          0.000          0.0000
  KCP                0              1              1          0.000          0.0000
  KCS                0              1              1          0.000          0.0000
  KCT                1              0              1          1.000          0.0014
  KFP                0              1              1          0.000          0.0000
  KHB                0              1              1          0.000          0.0000
  KIP                0              1              1          0.000          0.0000
  KKP                0              1              1          0.000          0.0000
  KPP                0              1              1          0.000          0.0000
  KRK                0              1              1          0.000          0.0000
  KRM                1              0              1          1.000          0.0010
  KSP                0              1              1          0.000          0.0000
  LGB                1              0              1          1.000          0.0003
  LGP                1              0              1          1.000          0.0004
  MHD                0              1              1          0.000          0.0000
  MMI                0              1              1          0.000          0.0000
  NBP                1              0              1          1.000          0.0014
  NBR                0              1              1          0.000          0.0000
  NCF                0              1              1          0.000          0.0000
  NDH                0              1              1          0.000          0.0000
  NFR                0              3              3          0.000          0.0000
  NGV                0              1              1          0.000          0.0000
  NHF                0              1              1          0.000          0.0000
  NIM                0              1              1          0.000          0.0000
  NLN                0              1              1          0.000          0.0000
  NMC                0              3              3          0.000          0.0000
  NMH                1              2              3          0.030          0.0005
  NMT                1              2              3          0.266          0.0043
  NMW                0              3              3          0.000          0.0000
  NOL                0              2              2          0.000          0.0000
  NPR                0              1              1          0.000          0.0000
 *NPV                0              1              1          0.000          0.0000
  NRL                0              2              2          0.000          0.0000
  NSH                1              2              3          0.153          0.0008
 *NTB                0              1              1          0.000          0.0000
  NTY                0              2              2          0.000          0.0000
  NVE                0              1              1          0.000          0.0000
  NWR                0              3              3          0.000          0.0000
  OGO                1              0              1          1.000          0.0003
  OSU                0              1              1          0.000          0.0000
 *PBW                0              1              1          0.000          0.0000
  PCC                0              2              2          0.000          0.0000
  PHF                0              1              1          0.000          0.0000
  PHO                0              1              1          0.000          0.0000
  PHP                0              1              1          0.000          0.0000
  PHR                1              0              1          1.000          0.0007
 *PHS                0              1              1          0.000          0.0000
  PJL                1              2              3          0.265          0.0012
  PLO                0              2              2          0.000          0.0000
  PMM                0              1              1          0.000          0.0000
 *PMP                0              1              1          0.000          0.0000
  PPC                0              1              1          0.000          0.0000
  PRC                0              1              1          0.000          0.0000
  PSA                0              1              1          0.000          0.0000
 *PSM                0              1              1          0.000          0.0000
 *PST                0              1              1          0.000          0.0000
  PVC                0              1              1          0.000          0.0000

 TOTAL             19            161            180

 SUMMARY OF HAND-PICKED DATA WITH RESPECT TO BEST FIT SOLUTIONS
  QUAL        DISCREPANCIES    AGREEMENTS       TOTAL     WEIGHTED ERROR RATE

   0                0             74             74         0.0000    
   1                2             47             49         0.0303  **
   2                8             27             35         0.1617  **
   3                0              0              0         0.0000    

 TOTAL             10            148            158

 SUMMARY OF MACHINE-PICKED DATA WITH RESPECT TO BEST FIT SOLUTIONS
  QUAL        DISCREPANCIES    AGREEMENTS       TOTAL     WEIGHTED ERROR RATE

   0                9             13             22         0.4071  **
   1                0              0              0         0.0000    
   2                0              0              0         0.0000    
   3                0              0              0         0.0000    

 TOTAL              9             13             22

 DISTRIBUTION OF SOLUTION MISFIT SCORES
  MISFIT SCORE     NUM    CUM NUM
 0.000 - 0.025       4        4
 0.025 - 0.050       2        6
 0.050 - 0.075       0        6
 0.075 - 0.100       0        6
 0.100 - 0.125       0        6
 0.125 - 0.150       0        6
 0.150 - 0.175       0        6
 0.175 - 0.200       0        6
 0.200 - 0.225       0        6
 0.225 - 0.250       0        6
 0.250 - 0.275       0        6
 0.275 - 0.300       0        6
 0.300 - 0.325       0        6
 0.325 - 0.350       0        6
 0.350 - 0.375       0        6
 0.375 - 0.400       0        6
 0.400 - 0.425       0        6
 0.425 - 0.450       0        6
 0.450 - 0.475       0        6
 0.475 - 0.500       0        6

 DISTRIBUTION OF SOLUTION DIP RANGES
  RANGE       NUM    CUM NUM
    0.0         0        0
    5.0         0        0
   10.0         0        0
   15.0         1        1
   20.0         0        1
   25.0         2        3
   30.0         2        5
   35.0         0        5
   40.0         1        6
   45.0         0        6

 DISTRIBUTION OF SOLUTION STRIKE RANGES
  RANGE       NUM    CUM NUM
    0.0         0        0
    5.0         1        1
   10.0         0        1
   15.0         2        3
   20.0         1        4
   25.0         0        4
   30.0         2        6
   35.0         0        6
   40.0         0        6
   45.0         0        6
   50.0         0        6
   55.0         0        6
   60.0         0        6
   65.0         0        6
   70.0         0        6
   75.0         0        6
   80.0         0        6
   85.0         0        6
   90.0         0        6

 DISTRIBUTION OF SOLUTION RAKE RANGES
  RANGE       NUM    CUM NUM
    0.0         0        0
   10.0         1        1
   20.0         0        1
   30.0         3        4
   40.0         0        4
   50.0         2        6
   60.0         0        6
   70.0         0        6
   80.0         0        6
   90.0         0        6
  100.0         0        6
  110.0         0        6
  120.0         0        6
  130.0         0        6
  140.0         0        6
  150.0         0        6
  160.0         0        6
  170.0         0        6
  180.0         0        6

  11 EVENTS READ,   6 PROCESSED
