
 AZIM and TOA calculated with 3D velocity model (SIMULPS12) 15-Sep-93 12:17:08

  DATE    ORIGIN   LATITUDE LONGITUDE  DEPTH    MAG NO           RMS
 70 1 1 2050 17.31 36n46.74 121w22.52   8.55   1.90 12          0.07

  STN  DIST  AZ TOA PRMK HRMN  PSEC TPOBS              PRES  PWT
 HFOM  12.5 281 116 IPD0 2050 19.70  2.39             -0.04  1.23
 BCGM  12.7 160 112 IP 0 2050 19.80  2.49             -0.02  1.23
 HQRM  19.2  67  95 IP 0 2050 20.80  3.49              0.02  1.23
 BR1M  19.9 226  93 IPD0 2050 20.80  3.49              0.10  1.23
 HJGM  20.3 277  94 IPU0 2050 20.85  3.54             -0.06  1.23
 HAZM  24.8 301  79 IPU0 2050 21.90  4.59             -0.01  1.13
 HDLM  26.7 285  91 IPU0 2050 22.15  4.84              0.08  1.10
 BJCM  27.0 183  90 IPN1 2050 22.00  4.69             -0.04  0.54
 HCRM  29.3 317  80 IP-1 2050 22.55  5.24             -0.40  0.40
 HPLM  33.5  14  79 IPD0 2050 23.35  6.04              0.05  0.96
 BPNM  34.3 224  76 IP 0 2050 23.35  6.04              0.00  0.94
 BSGM  42.6 165  66 IP 0 2050 24.55  7.24             -0.07  0.77


  DATE    ORIGIN   LATITUDE LONGITUDE  DEPTH    MAG NO           RMS
 70 1 1 2057 47.60 36n47.11 121w22.90   9.57   3.70 25          0.13

  STN  DIST  AZ TOA PRMK HRMN  PSEC TPOBS              PRES  PWT
 HFOM  12.3 276 121 IP 0 2057 50.00  2.40             -0.08  1.60
 BCGM  13.0 158 112 IPN1 2057 50.00  2.40             -0.32  0.76
 HQRM  19.6  70  98 IP 0 2057 51.25  3.65              0.09  1.60
 BR1M  19.7 223  95 IP 0 2057 51.10  3.50              0.05  1.60
 HJGM  19.9 275  97 IP+0 2057 51.15  3.55              0.01  1.60
 HAZM  24.4 301  81 IP 0 2057 52.10  4.50              0.02  1.48
 HDLM  26.2 283  90 IP 0 2057 52.45  4.85              0.20  1.43
 BJCM  27.1 182  88 EPN2 2057 52.20  4.60             -0.25  0.35
 HCRM  29.0 317  78 IPD0 2057 52.80  5.20             -0.27  1.36
 HCAM  31.1 341  78 IPD0 2057 53.25  5.65              0.03  1.31
 HCBM  31.9 303  81 IP 0 2057 53.30  5.70              0.01  1.28
 HPLM  33.6  15  76 IP 0 2057 53.60  6.00              0.10  1.24
 BPNM  34.1 222  85 IP 0 2057 53.65  6.05              0.00  1.23
 HPRM  35.6 304  76 IPU0 2057 54.15  6.55              0.12  1.18
 HCCM  39.3 306  69 IP 0 2057 54.70  7.10             -0.11  1.09
 BSGM  42.8 164  78 IP 0 2057 54.90  7.30             -0.13  0.99
 JCBM  47.5 323  65 IPD0 2057 55.85  8.25             -0.12  0.87
 CADM  49.3 333  66 IP 0 2057 56.20  8.60             -0.11  0.82
 JECM  49.9 308  69 IPU0 2057 56.65  9.05              0.16  0.80
 BRVM  51.8 141  75 IPD0 2057 57.15  9.55              0.02  0.75
 JALM  60.3 315  72 IP 0 2057 57.90 10.30             -0.11  0.53
 CCOM  60.5 334  68 IP 0 2057 58.15 10.55             -0.51  0.28
 CAOM  66.1 348  69 IPD0 2057 59.25 11.65              0.16  0.37
 CSCM  67.3 328  69 IPD0 2057 59.55 11.95             -0.12  0.34
 PHRM  68.2 132  67 IPD0 2057 59.50 11.90             -0.59  0.12


  DATE    ORIGIN   LATITUDE LONGITUDE  DEPTH    MAG NO           RMS
 70 1 1 21 1 22.60 36n47.00 121w22.64   8.59   1.80  9          0.11

  STN  DIST  AZ TOA PRMK HRMN  PSEC TPOBS              PRES  PWT
 BCGM  12.4 160 110 IP 0 21 1 25.10  2.50             -0.09  1.16
 HFOM  12.6 277 117 IPD0 21 1 25.00  2.40             -0.02  1.16
 HQRM  19.4  69  96 IP 0 21 1 26.15  3.55              0.08  1.16
 HJGM  20.4 275  94 IPU0 21 1 26.20  3.60              0.02  1.15
 HAZM  25.1 301  79 IPU0 21 1 27.15  4.55              0.00  1.06
 HDLM  26.8 284  91 IPU0 21 1 27.50  4.90              0.17  1.02
 HCRM  29.8 316  79 IPD0 21 1 27.90  5.30             -0.25  0.97
 BPNM  33.9 223  77 IP 0 21 1 28.70  6.10              0.02  0.89
 HPLM  34.1  14  78 IP-1 21 1 28.70  6.10              0.19  0.44


  DATE    ORIGIN   LATITUDE LONGITUDE  DEPTH    MAG NO           RMS
 70 1 1 2220 13.77 36n47.03 121w22.50   7.62   2.20 11          0.06

  STN  DIST  AZ TOA PRMK HRMN  PSEC TPOBS              PRES  PWT
 HFOM  10.9 276 111 IP-1 2220 16.15  2.38              0.03  0.66
 BCGM  12.1 161 105 IP 0 2220 16.25  2.48             -0.03  1.33
 HQRM  18.3  69  85 IPU0 2220 17.20  3.43              0.03  1.33
 HJGM  19.2 275  85 IP 0 2220 17.30  3.53             -0.06  1.33
 BR1M  19.4 225  84 IP 0 2220 17.30  3.53              0.10  1.33
 HAZM  23.5 300  73 IPU0 2220 18.30  4.53             -0.06  1.25
 HDLM  25.6 283  84 IP 0 2220 18.60  4.83              0.06  1.20
 BJCM  27.2 183  83 IPU0 2220 18.55  4.78             -0.05  1.17
 HCAM  30.0 340  75 EPN3 2220 19.35  5.58             -0.11  0.14
 HPLM  32.3  14  74 EPN2 2220 19.70  5.93              0.03  0.26
 BPNM  34.3 223  79 IP 0 2220 19.90  6.13              0.02  1.01


  DATE    ORIGIN   LATITUDE LONGITUDE  DEPTH    MAG NO           RMS
 70 1 4 2023 34.12 36n42.65 121w21.47   1.65   2.30 13          0.10

  STN  DIST  AZ TOA PRMK HRMN  PSEC TPOBS              PRES  PWT
 HFOM  12.2 316  79 IPU0 2023 36.80  2.68             -0.01  1.17
 BR1M  15.7 252  81 IPU0 2023 37.15  3.03              0.14  1.17
 HQRM  18.0  44  58 IPU0 2023 38.50  4.38              0.08  1.17
 BJCM  19.2 189  81 IP 0 2023 37.65  3.53             -0.05  1.17
 HJGM  21.6 297  81 IPU0 2023 38.10  3.98             -0.11  1.14
 HAZM  28.1 313  60 IPU0 2023 39.45  5.33             -0.08  1.01
 HDLM  29.0 299  59 IPU0 2023 39.50  5.38             -0.09  1.00
 BPNM  30.5 236  61 IPU0 2023 39.70  5.58             -0.03  0.97
 HCRM  33.6 324  64 IPD0 2023 41.15  7.03              0.04  0.91
 BSGM  34.9 164  76 IP 0 2023 40.20  6.08             -0.14  0.88
 HCAM  36.1 342  59 IPD0 2023 41.65  7.53             -0.13  0.86
 HPLM  37.6   9  52 IP 0 2023 41.75  7.63             -0.07  0.83
 BRVM  44.2 136  69 IPD0 2023 42.60  8.48              0.13  0.70


  DATE    ORIGIN   LATITUDE LONGITUDE  DEPTH    MAG NO           RMS
 70 1 7 1229 11.13 36n46.46 121w16.28   8.81   2.50 20          0.10

  STN  DIST  AZ TOA PRMK HRMN  PSEC TPOBS              PRES  PWT
 HQRM  14.7  38 133 IPD0 1229 13.50  2.37              0.01  1.53
 BCGM  14.7 221 110 IPD0 1229 13.80  2.67             -0.12  1.53
 HFOM  19.7 276  89 IPU0 1229 15.10  3.97              0.05  1.53
 BR1M  27.0 242  82 IPU0 1229 15.90  4.77              0.14  1.35
 HJGM  28.9 276  74 IPU0 1229 16.40  5.27              0.07  1.31
 BJCM  29.4 203  78 IPD0 1229 16.20  5.07             -0.02  1.29
 HAZM  32.5 293  68 IPU0 1229 17.20  6.07             -0.08  1.21
 HPLM  33.0 357  79 IPU0 1229 17.10  5.97              0.10  1.20
 HDLM  35.2 282  61 IPU0 1229 17.65  6.52              0.17  1.14
 HCAM  35.4 326  65 IPU0 1229 17.50  6.37             -0.05  1.14
 HCRM  36.0 306  64 IPN1 1229 17.50  6.37             -0.35  0.51
 HCBM  40.0 297  59 IP 0 1229 18.60  7.47              0.11  1.02
 BPNM  41.2 234  63 IPD0 1229 18.40  7.27              0.11  0.99
 BSGM  41.6 178  61 IP 0 1229 18.25  7.12              0.08  0.98
 HPRM  43.7 298  60 IPU0 1229 19.20  8.07             -0.03  0.93
 HCCM  47.3 300  61 IP 0 1229 19.80  8.67             -0.14  0.84
 JCBM  53.7 315  66 EP 2 1229 20.25  9.12             -0.38  0.14
 CADM  54.4 324  68 IPD0 1229 20.50  9.37             -0.24  0.66
 CCOM  65.3 326  67 IPD0 1229 23.05 11.92              0.00  0.38
 JALM  67.3 310  64 IPU0 1229 22.50 11.37             -0.34  0.29


  DATE    ORIGIN   LATITUDE LONGITUDE  DEPTH    MAG NO           RMS
 70 1 8 1949 20.78 36n56.46 121w25.52   4.74   2.00 15          0.08

  STN  DIST  AZ TOA PRMK HRMN  PSEC TPOBS              PRES  PWT
 HORM  10.0 250 112 IPU0 1949 22.90  2.12             -0.01  1.42
 HCAM  13.2 331  79 EPN2 1949 23.50  2.72              0.21  0.36
 HCRM  15.7 277  75 IP 0 1949 23.75  2.97             -0.10  1.42
 HAZM  16.9 247  65 IPU0 1949 24.65  3.87              0.10  1.42
 HPLM  19.2  44  60 EPN2 1949 24.60  3.82              0.24  0.36
 HJGM  21.1 220  62 IPD0 1949 25.15  4.37              0.05  1.39
 HDLM  23.2 239  55 IPD0 1949 25.50  4.72             -0.02  1.34
 HQRM  23.5 122  65 IPU0 1949 25.20  4.42             -0.04  1.34
 HPRM  24.8 273  64 IPN1 1949 25.60  4.82             -0.23  0.65
 BCGM  27.2 164  58 IPN1 1949 26.40  5.62             -0.10  0.63
 JCBM  31.1 309  66 IPU0 1949 26.60  5.82              0.05  1.16
 BR1M  31.5 195  57 IP+0 1949 26.70  5.92              0.06  1.15
 CADM  31.5 324  64 IPU0 1949 26.70  5.92              0.07  1.15
 JALM  45.3 303  56 IPN1 1949 28.80  8.02             -0.16  0.41
 BPNM  45.9 204  50 IPD0 1949 29.10  8.32             -0.01  0.81


  DATE    ORIGIN   LATITUDE LONGITUDE  DEPTH    MAG NO           RMS
 70 1 8 2053 37.30 36n56.44 121w26.36   6.11   2.40 17          0.09

  STN  DIST  AZ TOA PRMK HRMN  PSEC TPOBS              PRES  PWT
 HORM  10.9 247 125 IP 0 2053 39.25  1.95             -0.07  1.37
 HCAM  13.9 337  94 IP 0 2053 39.85  2.55              0.11  1.37
 HCRM  15.8 278  91 IP 0 2053 40.05  2.75             -0.11  1.37
 HAZM  17.1 245  82 IPD0 2053 40.95  3.65              0.15  1.37
 HFOM  18.7 185  76 EPN2 2053 41.15  3.85             -0.14  0.34
 HPLM  20.5  47  78 IP 0 2053 41.00  3.70              0.02  1.36
 HJGM  21.4 217  71 IPD0 2053 41.50  4.20              0.09  1.34
 HDLM  23.2 237  71 IP 0 2053 41.80  4.50              0.01  1.30
 HPRM  24.4 273  74 IP 0 2053 42.00  4.70             -0.07  1.27
 HQRM  25.1 120  74 EPN2 2053 41.50  4.20             -0.40  0.25
 JCBM  30.8 311  74 IPU0 2053 42.80  5.50             -0.06  1.12
 CADM  31.3 326  75 IP 0 2053 43.00  5.70              0.00  1.11
 BR1M  32.0 193  62 IPU0 2053 43.00  5.70              0.00  1.10
 JALM  44.7 304  57 IPN1 2053 45.00  7.70             -0.25  0.40
 BPNM  46.0 203  55 IPD0 2053 45.40  8.10             -0.05  0.78
 CAOM  47.4 350  63 IPN0 2053 46.00  8.70              0.12  0.74
 BSGM  61.1 164  55 IP+0 2053 47.60 10.30             -0.28  0.43


  DATE    ORIGIN   LATITUDE LONGITUDE  DEPTH    MAG NO           RMS
 70 113 1944 20.47 36n46.86 121w28.92   3.13   1.50  6          0.09

  STN  DIST  AZ TOA PRMK HRMN  PSEC TPOBS              PRES  PWT
 HFOM   3.5  66 143 IPD0 1944 21.45  0.98              0.05  1.09
 HJGM   9.1 283 112 IP 0 1944 22.15  1.68             -0.06  1.09
 BR1M  12.6 195  86 IPU0 1944 23.00  2.53              0.08  1.09
 BCGM  14.2 123  85 IPD0 1944 23.35  2.88             -0.10  1.09
 HDLM  16.4 293  84 IPU0 1944 23.55  3.08             -0.06  1.09
 HCRM  22.4 335  70 IP 1 1944 25.30  4.83              0.27  0.53


  DATE    ORIGIN   LATITUDE LONGITUDE  DEPTH    MAG NO           RMS
 70 115 19 0  1.14 36n47.01 121w28.65   0.42   1.50  9          0.14

  STN  DIST  AZ TOA PRMK HRMN  PSEC TPOBS              PRES  PWT
 HFOM   3.1  68 106 IP 0 19 0  1.70  0.56             -0.01  1.07
 HJGM   8.8 281  58 IPU0 19 0  2.80  1.66             -0.23  1.07
 BR1M  12.0 196  62 IPD0 19 0  3.90  2.76              0.14  1.07
 BCGM  14.1 125  61 IPU0 19 0  4.20  3.06             -0.04  1.07
 HAZM  15.9 318  57 IPD0 19 0  4.30  3.16             -0.04  1.07
 HDLM  16.2 291  59 IP 0 19 0  4.70  3.56              0.23  1.07
 HQRM  24.8  77  37 IPU0 19 0  6.70  5.56              0.07  0.99
 BPNM  27.1 210  54 IPU0 19 0  6.55  5.41             -0.06  0.95
 BSGM  44.6 154  55 IPU0 19 0  9.05  7.91             -0.18  0.63


  DATE    ORIGIN   LATITUDE LONGITUDE  DEPTH    MAG NO           RMS
 70 116  238  6.59 36n53.05 121w37.71   6.69   2.50 20          0.11

  STN  DIST  AZ TOA PRMK HRMN  PSEC TPOBS              PRES  PWT
 HAZM  10.4  89 153 IPD0  238  7.85  1.26             -0.15  1.38
 HDLM  10.9 194 134 IPD0  238  8.35  1.76              0.04  1.38
 HPRM  12.9 322 111 IPU0  238  9.00  2.41              0.07  1.38
 HCRM  13.5  26 115 IP-0  238  8.95  2.36              0.08  1.38
 HJGM  14.8 153 107 IPD0  238  8.90  2.31             -0.01  1.38
 HORM  15.6  71 110 IPU0  238  9.35  2.76             -0.03  1.38
 HCCM  15.9 322  91 IP 0  238  9.44  2.85             -0.21  1.38
 HFOM  22.0 124  82 EPN3  238 10.30  3.71              0.11  0.17
 HCAM  23.1  39  76 IPD0  238 10.75  4.16             -0.05  1.31
 JCBM  27.2 348  79 IPU0  238 11.60  5.01              0.18  1.21
 BR1M  28.1 158  83 IPD0  238 11.15  4.56              0.07  1.19
 CADM  32.3   1  79 IPD0  238 12.50  5.91              0.03  1.10
 BCGM  34.4 127  84 IPU0  238 12.25  5.66              0.03  1.05
 JALM  36.6 327  67 EPN2  238 12.95  6.36              0.06  0.25
 BPNM  37.1 181  64 IPD0  238 12.95  6.36              0.07  0.99
 HQRM  39.9  99  51 IPU0  238 13.70  7.11             -0.06  0.92
 CCOM  42.5 355  62 IPD0  238 15.10  8.51              0.28  0.86
 BJCM  44.7 151  71 IP-1  238 13.85  7.26              0.07  0.41
 JEMM  45.4 292  67 IPD0  238 14.50  7.91             -0.19  0.80
 BSGM  63.5 147  75 IP 2  238 16.70 10.11             -0.02  0.09


  DATE    ORIGIN   LATITUDE LONGITUDE  DEPTH    MAG NO           RMS
 70 118  533 35.95 36n53.08 121w37.31   6.21   2.00 11          0.06

  STN  DIST  AZ TOA PRMK HRMN  PSEC TPOBS              PRES  PWT
 HAZM   9.9  90 152 IPD0  533 37.20  1.25             -0.05  1.41
 HDLM  10.6 200 129 IPD0  533 37.70  1.75              0.05  1.41
 HPRM  12.6 319 113 IPU0  533 38.20  2.25             -0.10  1.41
 HCRM  13.0  23 119 IPD0  533 38.20  2.25              0.05  1.41
 HORM  15.2  70 112 EP 3  533 38.65  2.70              0.03  0.18
 HFOM  21.7 125  85 EP 3  533 39.90  3.95              0.42  0.13
 HCAM  22.7  38  84 IP 0  533 40.05  4.10             -0.04  1.34
 JCBM  27.0 347  79 IP+0  533 40.90  4.95              0.10  1.24
 BR1M  28.0 159  82 IPD0  533 40.40  4.45              0.01  1.22
 BPNM  37.1 182  65 IPD0  533 42.20  6.25             -0.05  1.01
 HPLM  37.3  58  59 EPN2  533 42.55  6.60             -0.06  0.25


  DATE    ORIGIN   LATITUDE LONGITUDE  DEPTH    MAG NO           RMS
 70 118 1911 21.44 36n50.06 121w23.16   7.13   2.00  8          0.07

  STN  DIST  AZ TOA PRMK HRMN  PSEC TPOBS              PRES  PWT
 HFOM  12.3 232 105 IPU0 1911 23.90  2.46              0.00  1.22
 BCGM  17.1 165  94 IPD0 1911 24.90  3.46             -0.01  1.22
 HAZM  21.3 287  74 IPU0 1911 25.60  4.16             -0.09  1.19
 BR1M  22.4 213  85 IPD0 1911 25.65  4.21              0.09  1.17
 BJCM  32.0 181  73 IPD0 1911 27.20  5.76             -0.07  0.97
 BPNM  36.9 216  61 IPD0 1911 28.30  6.86              0.10  0.87
 CADM  44.4 330  66 IPD0 1911 29.45  8.01              0.13  0.72
 BSGM  48.0 166  65 IPU0 1911 29.85  8.41             -0.06  0.65


  DATE    ORIGIN   LATITUDE LONGITUDE  DEPTH    MAG NO           RMS
 70 119  0 8 23.34 36n52.92 121w36.82   5.60   1.70  9          0.06

  STN  DIST  AZ TOA PRMK HRMN  PSEC TPOBS              PRES  PWT
 HAZM   9.0  82 157 IP 0  0 8 24.50  1.16              0.00  1.20
 HDLM   9.9 208 114 IP 0  0 8 25.00  1.66              0.02  1.20
 HCRM  12.6  18 106 IP 0  0 8 25.50  2.16             -0.03  1.20
 HPRM  12.7 317  99 IPU0  0 8 25.70  2.36             -0.07  1.20
 HCAM  22.3  36  74 EPN2  0 8 27.30  3.96             -0.17  0.29
 BR1M  27.1 160  78 IPD0  0 8 27.75  4.41              0.05  1.06
 JCBM  27.3 345  73 IPD0  0 8 28.40  5.06              0.10  1.05
 CADM  32.3 358  74 IP 0  0 8 29.30  5.96             -0.01  0.95
 BPNM  36.5 183  63 IPD0  0 8 29.50  6.16             -0.10  0.87


  DATE    ORIGIN   LATITUDE LONGITUDE  DEPTH    MAG NO           RMS
 70 119  139  1.28 36n52.85 121w36.93   6.15   1.80 11          0.04

  STN  DIST  AZ TOA PRMK HRMN  PSEC TPOBS              PRES  PWT
 HAZM   9.4  79 157 IPD0  139  2.50  1.22             -0.03  1.30
 HDLM  10.1 207 132 IPD0  139  2.95  1.67              0.00  1.30
 HCRM  12.9  18 119 IP 0  139  3.55  2.27              0.04  1.30
 HPRM  12.9 319 111 IPU0  139  3.70  2.42             -0.03  1.30
 HCAM  22.5  36  80 IP 0  139  5.40  4.12             -0.03  1.25
 BR1M  27.2 160  84 IPD0  139  5.65  4.37              0.03  1.14
 JCBM  27.4 346  81 IP+0  139  6.20  4.92             -0.03  1.14
 CADM  32.4 359  82 IP 0  139  7.30  6.02              0.04  1.03
 BPNM  36.5 183  66 IPD0  139  7.50  6.22             -0.01  0.94
 HPLM  36.9  57  60 EPN3  139  7.90  6.62              0.00  0.12
 JALM  37.2 326  65 EP 2  139  8.15  6.87              0.40  0.18


  DATE    ORIGIN   LATITUDE LONGITUDE  DEPTH    MAG NO           RMS
 70 119 1946 23.17 36n43.28 121w23.31   6.54   2.50 14          0.07

  STN  DIST  AZ TOA PRMK HRMN  PSEC TPOBS              PRES  PWT
 BCGM   7.5 108 146 IP 0 1946 24.70  1.53             -0.01  1.33
 HFOM  13.0 323 122 IP 1 1946 25.30  2.13             -0.15  0.67
 BR1M  15.7 243  99 IP 0 1946 25.75  2.58              0.09  1.33
 BJCM  20.2 181  88 IPD0 1946 26.65  3.48             -0.06  1.33
 HQRM  20.6  51  88 IPU0 1946 27.40  4.23              0.04  1.32
 HJGM  21.1 297  91 IP 0 1946 26.55  3.38             -0.06  1.31
 HAZM  27.6 315  82 IPN1 1946 27.70  4.53             -0.13  0.58
 HDLM  28.2 299  95 IP 0 1946 27.85  4.68              0.01  1.15
 BPNM  29.8 231  95 IP 0 1946 28.30  5.13              0.08  1.11
 HCRM  33.3 326  84 EPN2 1946 29.30  6.13             -0.07  0.26
 BSGM  36.1 160  80 IPD0 1946 29.30  6.13             -0.11  0.97
 HCAM  36.2 346  62 IP 0 1946 30.00  6.83             -0.03  0.97
 HPLM  38.5  13  74 IP 0 1946 30.40  7.23              0.08  0.92
 BRVM  46.1 135  84 IPD0 1946 31.70  8.53              0.08  0.75


  DATE    ORIGIN   LATITUDE LONGITUDE  DEPTH    MAG NO           RMS
 70 120 2321 40.21 36n44.84 121w35.89  -0.20   2.50 17          0.12

  STN  DIST  AZ TOA PRMK HRMN  PSEC TPOBS              PRES  PWT
 HJGM   6.7  21  82 IPU0 2321 41.65  1.44              0.03  1.30
 HDLM  11.4 337  55 IPU0 2321 42.65  2.44             -0.08  1.30
 BR1M  11.7 141  54 IPU0 2321 42.90  2.69              0.23  1.30
 HFOM  13.5  69  53 IPU0 2321 43.20  2.99             -0.03  1.30
 HAZM  15.4   2  52 IPU0 2321 43.50  3.29             -0.11  1.30
 BPNM  21.6 189  41 IPU0 2321 44.60  4.39             -0.04  1.26
 BCGM  22.7 101  38 IPU0 2321 44.80  4.59             -0.12  1.24
 HCRM  23.4   3  36 IPU0 2321 45.40  5.19              0.09  1.22
 HCCM  28.6 337  35 IP 0 2321 46.44  6.23              0.18  1.11
 BJCM  28.8 140  40 IPU0 2321 45.90  5.69             -0.12  1.10
 HCAM  32.2  18  37 IPU0 2321 47.10  6.89              0.02  1.03
 HQRM  35.0  74  33 IPU0 2321 47.65  7.44              0.10  0.97
 JECM  38.9 331  31 EP+2 2321 48.25  8.04              0.28  0.22
 HPLM  43.0  39  33 IPU0 2321 49.00  8.79              0.14  0.80
 BSGM  48.0 140  36 IPU0 2321 49.00  8.79             -0.11  0.69
 CCOM  57.0 353  35 IPU0 2321 51.65 11.44              0.17  0.50
 BRVM  62.6 125  38 IPU0 2321 51.90 11.69              0.17  0.38


